<?xml version="1.0" encoding="UTF-8"?>
<testsuite name="Realizar compra en la pagina metro" tests="1" skipped="0" failures="0" errors="0" timestamp="2020-01-12T19:54:14" hostname="SQAT1MDEWIN35" time="49.706">
  <properties/>
  <testcase name="ingresar a la URL indicada" classname="Realizar compra en la pagina metro" time="49.706"/>
  <system-out><![CDATA[



















]]></system-out>
  <system-err><![CDATA[ene 12, 2020 2:54:15 PM org.openqa.selenium.remote.DesiredCapabilities chrome
INFORMACIÓN: Using `new ChromeOptions()` is preferred to `DesiredCapabilities.chrome()`
Starting ChromeDriver 79.0.3945.36 (3582db32b33893869b8c1339e8f4d9ed1816f143-refs/branch-heads/3945@{#614}) on port 19577
Only local connections are allowed.
Please protect ports used by ChromeDriver and related test frameworks to prevent access by malicious code.
[1578858860.414][WARNING]: Timed out connecting to Chrome, retrying...
ene 12, 2020 2:54:22 PM org.openqa.selenium.remote.ProtocolHandshake createSession
INFORMACIÓN: Detected dialect: W3C
[Test worker] INFO net.thucydides.core.steps.ConsoleLoggingListener - 
        __    _____ _____ ____ _____   ____   _    ____  ____  _____ ____  
  _     \ \  |_   _| ____/ ___|_   _| |  _ \ / \  / ___|/ ___|| ____|  _ \ 
 (_)_____| |   | | |  _| \___ \ | |   | |_) / _ \ \___ \\___ \|  _| | | | |
  _|_____| |   | | | |___ ___) || |   |  __/ ___ \ ___) |___) | |___| |_| |
 (_)     | |   |_| |_____|____/ |_|   |_| /_/   \_\____/|____/|_____|____/ 
        /_/                                                                

TEST PASSED: ingresar a la URL indicada
----------------------------------------------------------------------------
]]></system-err>
</testsuite>
